<?xml version="1.0" encoding="UTF-8"?>
<testng-results ignored="0" total="1" passed="1" failed="0" skipped="0">
  <reporter-output>
  </reporter-output>
  <suite started-at="2019-11-11T10:52:03Z" name="nopcommerceV1" finished-at="2019-11-11T10:52:48Z" duration-ms="44763">
    <groups>
    </groups>
    <test started-at="2019-11-11T10:52:03Z" name="nopcommerceTest1" finished-at="2019-11-11T10:52:48Z" duration-ms="44763">
      <class name="com.nopcommerce.testCases.TC_AddCustomerTest_003">
        <test-method is-config="true" signature="setup(java.lang.String)[pri:0, instance:com.nopcommerce.testCases.TC_AddCustomerTest_003@6aba2b86]" started-at="2019-11-11T10:52:04Z" name="setup" finished-at="2019-11-11T10:52:15Z" duration-ms="11279" status="PASS">
          <params>
            <param index="0">
              <value>
                <![CDATA[chrome]]>
              </value>
            </param>
          </params>
          <reporter-output>
          </reporter-output>
        </test-method> <!-- setup -->
        <test-method signature="addNewCustomer()[pri:0, instance:com.nopcommerce.testCases.TC_AddCustomerTest_003@6aba2b86]" started-at="2019-11-11T10:52:15Z" name="addNewCustomer" finished-at="2019-11-11T10:52:46Z" duration-ms="31085" status="PASS">
          <reporter-output>
          </reporter-output>
        </test-method> <!-- addNewCustomer -->
        <test-method is-config="true" signature="tearDown()[pri:0, instance:com.nopcommerce.testCases.TC_AddCustomerTest_003@6aba2b86]" started-at="2019-11-11T10:52:46Z" name="tearDown" finished-at="2019-11-11T10:52:48Z" duration-ms="1605" status="PASS">
          <reporter-output>
          </reporter-output>
        </test-method> <!-- tearDown -->
      </class> <!-- com.nopcommerce.testCases.TC_AddCustomerTest_003 -->
    </test> <!-- nopcommerceTest1 -->
  </suite> <!-- nopcommerceV1 -->
</testng-results>
